<?xml version="1.0" encoding="UTF-8"?>
<!-- Generated by org.testng.reporters.JUnitReportReporter -->
<testsuite skipped="0" hostname="DESKTOP-4BVS4NF" name="Util.ReportGenerate" tests="1" failures="0" timestamp="29 mar 2021 03:46:17 GMT" time="5.064" errors="0">
  <testcase name="run" time="5.064" classname="Util.ReportGenerate"/>
</testsuite> <!-- Util.ReportGenerate -->
